{
  "uid" : "ba1915eec33bbff9",
  "name" : "test_allure_steps",
  "fullName" : "tests.allure_step_statuses_test#test_allure_steps",
  "historyId" : "31587abf5e1abc7c463ea9017ddfd638",
  "time" : {
    "start" : 1617876300875,
    "stop" : 1617876300876,
    "duration" : 1
  },
  "status" : "passed",
  "flaky" : false,
  "newFailed" : false,
  "beforeStages" : [ ],
  "testStage" : {
    "status" : "passed",
    "steps" : [ {
      "name" : "Skipped step",
      "time" : {
        "start" : 1617876300875,
        "stop" : 1617876300875,
        "duration" : 0
      },
      "status" : "skipped",
      "statusMessage" : "Skipped: Some skip reason\n",
      "statusTrace" : "  File \"/home/runner/work/allure-report/allure-report/tests/allure_step_statuses_test.py\", line 47, in test_allure_steps\n    pytest.skip('Some skip reason')\n  File \"/opt/hostedtoolcache/Python/3.9.4/x64/lib/python3.9/site-packages/_pytest/outcomes.py\", line 139, in skip\n    raise Skipped(msg=msg, allow_module_level=allow_module_level)\n",
      "steps" : [ ],
      "attachments" : [ ],
      "parameters" : [ ],
      "stepsCount" : 0,
      "attachmentsCount" : 0,
      "shouldDisplayMessage" : true,
      "hasContent" : true
    }, {
      "name" : "Failed step",
      "time" : {
        "start" : 1617876300876,
        "stop" : 1617876300876,
        "duration" : 0
      },
      "status" : "failed",
      "statusMessage" : "AssertionError: Some failed check\n",
      "statusTrace" : "  File \"/home/runner/work/allure-report/allure-report/tests/allure_step_statuses_test.py\", line 49, in test_allure_steps\n    raise AssertionError('Some failed check')\n",
      "steps" : [ ],
      "attachments" : [ ],
      "parameters" : [ ],
      "stepsCount" : 0,
      "attachmentsCount" : 0,
      "shouldDisplayMessage" : true,
      "hasContent" : true
    }, {
      "name" : "Broken step",
      "time" : {
        "start" : 1617876300876,
        "stop" : 1617876300876,
        "duration" : 0
      },
      "status" : "broken",
      "statusMessage" : "ValueError: Some broken exception\n",
      "statusTrace" : "  File \"/home/runner/work/allure-report/allure-report/tests/allure_step_statuses_test.py\", line 51, in test_allure_steps\n    raise ValueError('Some broken exception')\n",
      "steps" : [ ],
      "attachments" : [ ],
      "parameters" : [ ],
      "stepsCount" : 0,
      "attachmentsCount" : 0,
      "shouldDisplayMessage" : true,
      "hasContent" : true
    }, {
      "name" : "Skipped decorated step",
      "time" : {
        "start" : 1617876300876,
        "stop" : 1617876300876,
        "duration" : 0
      },
      "status" : "skipped",
      "statusMessage" : "Skipped: Some skip reason\n",
      "statusTrace" : "  File \"/opt/hostedtoolcache/Python/3.9.4/x64/lib/python3.9/site-packages/allure_commons/_allure.py\", line 172, in impl\n    return func(*a, **kw)\n  File \"/home/runner/work/allure-report/allure-report/tests/allure_step_statuses_test.py\", line 57, in skipped_decorated_step\n    pytest.skip('Some skip reason')\n  File \"/opt/hostedtoolcache/Python/3.9.4/x64/lib/python3.9/site-packages/_pytest/outcomes.py\", line 139, in skip\n    raise Skipped(msg=msg, allow_module_level=allow_module_level)\n",
      "steps" : [ ],
      "attachments" : [ ],
      "parameters" : [ ],
      "stepsCount" : 0,
      "attachmentsCount" : 0,
      "shouldDisplayMessage" : true,
      "hasContent" : true
    } ],
    "attachments" : [ ],
    "parameters" : [ ],
    "stepsCount" : 4,
    "attachmentsCount" : 0,
    "shouldDisplayMessage" : false,
    "hasContent" : true
  },
  "afterStages" : [ ],
  "labels" : [ {
    "name" : "parentSuite",
    "value" : "tests"
  }, {
    "name" : "suite",
    "value" : "allure_step_statuses_test"
  }, {
    "name" : "host",
    "value" : "fv-az193-129"
  }, {
    "name" : "thread",
    "value" : "2788-MainThread"
  }, {
    "name" : "framework",
    "value" : "pytest"
  }, {
    "name" : "language",
    "value" : "cpython3"
  }, {
    "name" : "package",
    "value" : "tests.allure_step_statuses_test"
  }, {
    "name" : "resultFormat",
    "value" : "allure2"
  } ],
  "parameters" : [ ],
  "links" : [ ],
  "hidden" : false,
  "retry" : false,
  "extra" : {
    "severity" : "normal",
    "retries" : [ ],
    "categories" : [ ],
    "history" : {
      "statistic" : {
        "failed" : 0,
        "broken" : 0,
        "skipped" : 0,
        "passed" : 3,
        "unknown" : 0,
        "total" : 3
      },
      "items" : [ {
        "uid" : "1d9c35d44a28b782",
        "reportUrl" : "https://vamotest.github.io/allure-report/27//#testresult/1d9c35d44a28b782",
        "status" : "passed",
        "time" : {
          "start" : 1617876035115,
          "stop" : 1617876035116,
          "duration" : 1
        }
      }, {
        "uid" : "3de8da8b2e10de56",
        "reportUrl" : "https://vamotest.github.io/allure-report/26//#testresult/3de8da8b2e10de56",
        "status" : "passed",
        "time" : {
          "start" : 1616959294987,
          "stop" : 1616959294988,
          "duration" : 1
        }
      } ]
    },
    "tags" : [ ]
  },
  "source" : "ba1915eec33bbff9.json",
  "parameterValues" : [ ]
}